\BOOKMARK [0][-]{chapter*.3}{\376\377\166\356\137\125}{}% 1
\BOOKMARK [0][-]{chapter.1}{\376\377\142\200\147\057\225\356\230\230\122\006\147\220\142\245\124\112}{}% 2
\BOOKMARK [1][-]{section.1.1}{\376\377\225\356\230\230\0000\0001\000:\155\367\124\010\177\026\172\013}{chapter.1}% 3
\BOOKMARK [2][-]{subsection.1.1.1}{\376\377\225\356\230\230\143\317\217\360}{section.1.1}% 4
\BOOKMARK [2][-]{subsection.1.1.2}{\376\377\225\356\230\230\121\167\117\123\150\067\137\017}{section.1.1}% 5
\BOOKMARK [2][-]{subsection.1.1.3}{\376\377\225\356\230\230\122\006\147\220\123\312\211\343\121\263\145\271\150\110}{section.1.1}% 6
\BOOKMARK [2][-]{subsection.1.1.4}{\376\377\225\356\230\230\211\343\121\263\124\016\166\204\176\323\147\234\150\067\137\017}{section.1.1}% 7
\BOOKMARK [1][-]{section.1.2}{\376\377\225\356\230\230\0000\0002\000:\143\007\224\210\117\177\165\050}{chapter.1}% 8
\BOOKMARK [2][-]{subsection.1.2.1}{\376\377\225\356\230\230\143\317\217\360}{section.1.2}% 9
\BOOKMARK [2][-]{subsection.1.2.2}{\376\377\225\356\230\230\121\167\117\123\150\067\137\017}{section.1.2}% 10
\BOOKMARK [2][-]{subsection.1.2.3}{\376\377\225\356\230\230\122\006\147\220\123\312\211\343\121\263\145\271\150\110}{section.1.2}% 11
\BOOKMARK [2][-]{subsection.1.2.4}{\376\377\225\356\230\230\211\343\121\263\124\016\166\204\176\323\147\234\150\067\137\017}{section.1.2}% 12
\BOOKMARK [1][-]{section.1.3}{\376\377\225\356\230\230\0000\0003\000:\116\055\145\255\166\204\000E\000O\000I\117\341\123\367}{chapter.1}% 13
\BOOKMARK [2][-]{subsection.1.3.1}{\376\377\225\356\230\230\143\317\217\360}{section.1.3}% 14
\BOOKMARK [2][-]{subsection.1.3.2}{\376\377\225\356\230\230\121\167\117\123\150\067\137\017}{section.1.3}% 15
\BOOKMARK [2][-]{subsection.1.3.3}{\376\377\225\356\230\230\122\006\147\220\123\312\211\343\121\263\145\271\150\110}{section.1.3}% 16
\BOOKMARK [2][-]{subsection.1.3.4}{\376\377\225\356\230\230\211\343\121\263\124\016\166\204\176\323\147\234\150\067\137\017}{section.1.3}% 17
\BOOKMARK [1][-]{section.1.4}{\376\377\225\356\230\230\0000\0004\000:\000t\000r\000i\000p\000l\000e\000\040\000f\000a\000u\000l\000t}{chapter.1}% 18
\BOOKMARK [2][-]{subsection.1.4.1}{\376\377\225\356\230\230\143\317\217\360}{section.1.4}% 19
\BOOKMARK [2][-]{subsection.1.4.2}{\376\377\225\356\230\230\121\167\117\123\150\067\137\017}{section.1.4}% 20
\BOOKMARK [2][-]{subsection.1.4.3}{\376\377\225\356\230\230\122\006\147\220\123\312\211\343\121\263\145\271\150\110}{section.1.4}% 21
\BOOKMARK [2][-]{subsection.1.4.4}{\376\377\225\356\230\230\211\343\121\263\124\016\166\204\176\323\147\234\150\067\137\017}{section.1.4}% 22
\BOOKMARK [1][-]{section.1.5}{\376\377\225\356\230\230\0000\0005\000:\142\123\137\000\166\204\145\207\116\366\116\015\133\371\136\224}{chapter.1}% 23
\BOOKMARK [2][-]{subsection.1.5.1}{\376\377\225\356\230\230\143\317\217\360}{section.1.5}% 24
\BOOKMARK [2][-]{subsection.1.5.2}{\376\377\225\356\230\230\121\167\117\123\150\067\137\017}{section.1.5}% 25
\BOOKMARK [2][-]{subsection.1.5.3}{\376\377\225\356\230\230\122\006\147\220\123\312\211\343\121\263\145\271\150\110}{section.1.5}% 26
\BOOKMARK [2][-]{subsection.1.5.4}{\376\377\225\356\230\230\211\343\121\263\124\016\166\204\176\323\147\234\150\067\137\017}{section.1.5}% 27
\BOOKMARK [1][-]{section.1.6}{\376\377\225\356\230\230\0000\0006\000:\124\014\153\145\140\047}{chapter.1}% 28
\BOOKMARK [2][-]{subsection.1.6.1}{\376\377\225\356\230\230\143\317\217\360}{section.1.6}% 29
\BOOKMARK [2][-]{subsection.1.6.2}{\376\377\225\356\230\230\122\006\147\220\123\312\211\343\121\263\145\271\150\110}{section.1.6}% 30
\BOOKMARK [1][-]{section.1.7}{\376\377\225\356\230\230\0000\0007\000:\177\026\213\321\220\011\230\171}{chapter.1}% 31
\BOOKMARK [2][-]{subsection.1.7.1}{\376\377\225\356\230\230\143\317\217\360}{section.1.7}% 32
\BOOKMARK [2][-]{subsection.1.7.2}{\376\377\225\356\230\230\121\167\117\123\150\067\137\017}{section.1.7}% 33
\BOOKMARK [2][-]{subsection.1.7.3}{\376\377\225\356\230\230\122\006\147\220\123\312\211\343\121\263\145\271\150\110}{section.1.7}% 34
\BOOKMARK [2][-]{subsection.1.7.4}{\376\377\225\356\230\230\211\343\121\263\124\016\166\204\176\323\147\234\150\067\137\017}{section.1.7}% 35
\BOOKMARK [1][-]{section.1.8}{\376\377\225\356\230\230\0000\0008\000:\225\056\166\330\145\057\143\001}{chapter.1}% 36
\BOOKMARK [2][-]{subsection.1.8.1}{\376\377\225\356\230\230\143\317\217\360}{section.1.8}% 37
\BOOKMARK [2][-]{subsection.1.8.2}{\376\377\225\356\230\230\121\167\117\123\150\067\137\017}{section.1.8}% 38
\BOOKMARK [2][-]{subsection.1.8.3}{\376\377\225\356\230\230\122\006\147\220\123\312\211\343\121\263\145\271\150\110}{section.1.8}% 39
\BOOKMARK [2][-]{subsection.1.8.4}{\376\377\225\356\230\230\211\343\121\263\124\016\166\204\176\323\147\234\150\067\137\017}{section.1.8}% 40
\BOOKMARK [1][-]{section.1.9}{\376\377\225\356\230\230\0000\0009\000:\133\371\131\047\145\207\116\366\166\204\145\057\143\001}{chapter.1}% 41
\BOOKMARK [2][-]{subsection.1.9.1}{\376\377\225\356\230\230\143\317\217\360}{section.1.9}% 42
\BOOKMARK [2][-]{subsection.1.9.2}{\376\377\225\356\230\230\121\167\117\123\150\067\137\017}{section.1.9}% 43
\BOOKMARK [2][-]{subsection.1.9.3}{\376\377\225\356\230\230\122\006\147\220\123\312\211\343\121\263\145\271\150\110}{section.1.9}% 44
\BOOKMARK [2][-]{subsection.1.9.4}{\376\377\225\356\230\230\211\343\121\263\124\016\166\204\176\323\147\234\150\067\137\017}{section.1.9}% 45
\BOOKMARK [1][-]{section.1.10}{\376\377\225\356\230\230\0001\0000\000:\134\021\142\354\123\367}{chapter.1}% 46
